using FPGAOPENCL
[DAPHNE].............................................................................................[01.06.22 09:52:31]
[DAPHNE]...Welcome to................................................................................[01.06.22 09:52:31]
[DAPHNE].............................................................................................[01.06.22 09:52:31]
[DAPHNE]...._______.......................__.........................................................[01.06.22 09:52:31]
[DAPHNE]...|       \.....................|  \........................................................[01.06.22 09:52:31]
[DAPHNE]...| €€€€€€€\  ______    ______  | €€____   _______    ______................................[01.06.22 09:52:31]
[DAPHNE]...| €€  | €€ |      \  /      \ | €€    \ |       \  /      \...............................[01.06.22 09:52:31]
[DAPHNE]...| €€  | €€  \€€€€€€\|  €€€€€€\| €€€€€€€\| €€€€€€€\|  €€€€€€\..............................[01.06.22 09:52:31]
[DAPHNE]...| €€  | €€ /      €€| €€  | €€| €€  | €€| €€  | €€| €€    €€..............................[01.06.22 09:52:31]
[DAPHNE]...| €€__/ €€|  €€€€€€€| €€__/ €€| €€  | €€| €€  | €€| €€€€€€€€..............................[01.06.22 09:52:31]
[DAPHNE]...| €€    €€ \€€    €€| €€    €€| €€  | €€| €€  | €€ \€€     \..............................[01.06.22 09:52:31]
[DAPHNE]... \€€€€€€€   \€€€€€€€| €€€€€€€  \€€   \€€ \€€   \€€  \€€€€€€€..............................[01.06.22 09:52:31]
[DAPHNE].......................| €€..................................................................[01.06.22 09:52:31]
[DAPHNE].......................| €€..................................................................[01.06.22 09:52:31]
[DAPHNE]........................\€€..................EU-H2020.//.957407..............................[01.06.22 09:52:31]
[DAPHNE].............................................................................................[01.06.22 09:52:31]


[DAPHNE]..No need to build Antlr4 again..............................................................[01.06.22 09:52:32]
[DAPHNE]..No need to download Catch2 again...........................................................[01.06.22 09:52:32]
[DAPHNE]..No need to build OpenBlas again............................................................[01.06.22 09:52:32]
[DAPHNE]..No need to download nlohmannjson again.....................................................[01.06.22 09:52:32]
[DAPHNE]..No need to build Abseil again..............................................................[01.06.22 09:52:32]
[DAPHNE]..No need to build GRPC again................................................................[01.06.22 09:52:32]
[DAPHNE]..No need to build MLIR/LLVM again...........................................................[01.06.22 09:52:32]
[DAPHNE]..Build Daphne...............................................................................[01.06.22 09:52:32]
-- The CXX compiler identification is GNU 11.3.0
-- The C compiler identification is GNU 11.3.0
-- Detecting CXX compiler ABI info
-- Detecting CXX compiler ABI info - done
-- Check for working CXX compiler: /home/mdokter/code/daphne-build-env/installed/bin/c++ - skipped
-- Detecting CXX compile features
-- Detecting CXX compile features - done
-- Detecting C compiler ABI info
-- Detecting C compiler ABI info - done
-- Check for working C compiler: /home/mdokter/code/daphne-build-env/installed/bin/cc - skipped
-- Detecting C compile features
-- Detecting C compile features - done
-- Found ZLIB: /usr/lib/x86_64-linux-gnu/libz.so (found version "1.2.11") 
-- Using MLIRConfig.cmake in: /home/pratuszniak/pratuszn/daphne/thirdparty/build/llvm-project/lib/cmake/mlir/
-- Using LLVMConfig.cmake in: /home/pratuszniak/pratuszn/daphne/thirdparty/build/llvm-project/lib/cmake/llvm/
-- Linker detection: GNU ld
-- Performing Test C_SUPPORTS_FPIC
-- Performing Test C_SUPPORTS_FPIC - Success
-- Performing Test CXX_SUPPORTS_FPIC
-- Performing Test CXX_SUPPORTS_FPIC - Success
-- Building with -fPIC
-- Performing Test SUPPORTS_FVISIBILITY_INLINES_HIDDEN_FLAG
-- Performing Test SUPPORTS_FVISIBILITY_INLINES_HIDDEN_FLAG - Success
-- Performing Test C_SUPPORTS_WERROR_DATE_TIME
-- Performing Test C_SUPPORTS_WERROR_DATE_TIME - Success
-- Performing Test CXX_SUPPORTS_WERROR_DATE_TIME
-- Performing Test CXX_SUPPORTS_WERROR_DATE_TIME - Success
-- Performing Test C_SUPPORTS_WERROR_UNGUARDED_AVAILABILITY_NEW
-- Performing Test C_SUPPORTS_WERROR_UNGUARDED_AVAILABILITY_NEW - Failed
-- Performing Test CXX_SUPPORTS_WERROR_UNGUARDED_AVAILABILITY_NEW
-- Performing Test CXX_SUPPORTS_WERROR_UNGUARDED_AVAILABILITY_NEW - Failed
-- Performing Test CXX_SUPPORTS_MISSING_FIELD_INITIALIZERS_FLAG
-- Performing Test CXX_SUPPORTS_MISSING_FIELD_INITIALIZERS_FLAG - Success
-- Performing Test C_SUPPORTS_IMPLICIT_FALLTHROUGH_FLAG
-- Performing Test C_SUPPORTS_IMPLICIT_FALLTHROUGH_FLAG - Success
-- Performing Test CXX_SUPPORTS_IMPLICIT_FALLTHROUGH_FLAG
-- Performing Test CXX_SUPPORTS_IMPLICIT_FALLTHROUGH_FLAG - Success
-- Performing Test C_SUPPORTS_COVERED_SWITCH_DEFAULT_FLAG
-- Performing Test C_SUPPORTS_COVERED_SWITCH_DEFAULT_FLAG - Failed
-- Performing Test CXX_SUPPORTS_COVERED_SWITCH_DEFAULT_FLAG
-- Performing Test CXX_SUPPORTS_COVERED_SWITCH_DEFAULT_FLAG - Failed
-- Performing Test CXX_SUPPORTS_CLASS_MEMACCESS_FLAG
-- Performing Test CXX_SUPPORTS_CLASS_MEMACCESS_FLAG - Success
-- Performing Test CXX_SUPPORTS_REDUNDANT_MOVE_FLAG
-- Performing Test CXX_SUPPORTS_REDUNDANT_MOVE_FLAG - Success
-- Performing Test CXX_SUPPORTS_PESSIMIZING_MOVE_FLAG
-- Performing Test CXX_SUPPORTS_PESSIMIZING_MOVE_FLAG - Success
-- Performing Test CXX_SUPPORTS_NOEXCEPT_TYPE_FLAG
-- Performing Test CXX_SUPPORTS_NOEXCEPT_TYPE_FLAG - Success
-- Performing Test C_SUPPORTS_DELETE_NON_VIRTUAL_DTOR_FLAG
-- Performing Test C_SUPPORTS_DELETE_NON_VIRTUAL_DTOR_FLAG - Failed
-- Performing Test CXX_SUPPORTS_DELETE_NON_VIRTUAL_DTOR_FLAG
-- Performing Test CXX_SUPPORTS_DELETE_NON_VIRTUAL_DTOR_FLAG - Success
-- Performing Test CXX_SUPPORTS_SUGGEST_OVERRIDE_FLAG
-- Performing Test CXX_SUPPORTS_SUGGEST_OVERRIDE_FLAG - Success
-- Performing Test CXX_WSUGGEST_OVERRIDE_ALLOWS_ONLY_FINAL
-- Performing Test CXX_WSUGGEST_OVERRIDE_ALLOWS_ONLY_FINAL - Success
-- Performing Test C_WCOMMENT_ALLOWS_LINE_WRAP
-- Performing Test C_WCOMMENT_ALLOWS_LINE_WRAP - Failed
-- Performing Test C_SUPPORTS_STRING_CONVERSION_FLAG
-- Performing Test C_SUPPORTS_STRING_CONVERSION_FLAG - Failed
-- Performing Test CXX_SUPPORTS_STRING_CONVERSION_FLAG
-- Performing Test CXX_SUPPORTS_STRING_CONVERSION_FLAG - Failed
-- Performing Test C_SUPPORTS_MISLEADING_INDENTATION_FLAG
-- Performing Test C_SUPPORTS_MISLEADING_INDENTATION_FLAG - Success
-- Performing Test CXX_SUPPORTS_MISLEADING_INDENTATION_FLAG
-- Performing Test CXX_SUPPORTS_MISLEADING_INDENTATION_FLAG - Success
-- Performing Test LINKER_SUPPORTS_COLOR_DIAGNOSTICS
-- Performing Test LINKER_SUPPORTS_COLOR_DIAGNOSTICS - Failed
-- Performing Test C_SUPPORTS_FNO_FUNCTION_SECTIONS
-- Performing Test C_SUPPORTS_FNO_FUNCTION_SECTIONS - Success
-- Performing Test C_SUPPORTS_FFUNCTION_SECTIONS
-- Performing Test C_SUPPORTS_FFUNCTION_SECTIONS - Success
-- Performing Test CXX_SUPPORTS_FFUNCTION_SECTIONS
-- Performing Test CXX_SUPPORTS_FFUNCTION_SECTIONS - Success
-- Performing Test C_SUPPORTS_FDATA_SECTIONS
-- Performing Test C_SUPPORTS_FDATA_SECTIONS - Success
-- Performing Test CXX_SUPPORTS_FDATA_SECTIONS
-- Performing Test CXX_SUPPORTS_FDATA_SECTIONS - Success
-- Looking for os_signpost_interval_begin
-- Looking for os_signpost_interval_begin - not found
-- Looking for pthread.h
-- Looking for pthread.h - found
-- Performing Test CMAKE_HAVE_LIBC_PTHREAD
-- Performing Test CMAKE_HAVE_LIBC_PTHREAD - Failed
-- Check if compiler accepts -pthread
-- Check if compiler accepts -pthread - yes
-- Found Threads: TRUE  
-- Looking for sgemm_
-- Looking for sgemm_ - not found
-- Looking for sgemm_
-- Looking for sgemm_ - found
-- Found BLAS: /home/pratuszniak/pratuszn/daphne/thirdparty/installed/lib/libopenblas.a;-pthread  
-- ANTLR_VERSION: 4.9.2
-- CMAKE_PREFIX_PATH:  /home/pratuszniak/pratuszn/daphne/thirdparty/installed
-- ANTLR_JAR_FOUND: /home/pratuszniak/pratuszn/daphne/thirdparty/installed/share/antlr4/antlr-4.9.2-complete.jar
-- Looking for a CUDA compiler
-- Looking for a CUDA compiler - NOTFOUND
-- ANTLR4_JAR_LOCATION is /home/pratuszniak/pratuszn/daphne/thirdparty/installed/share/antlr4/antlr-4.9.2-complete.jar
-- Found Java: /usr/bin/java (found version "11.0.15") found components: Runtime 
-- Antlr4 DaphneDSLGrammar - Building Common Include-, Source- and Tokenfiles, Visitor Include- and Sourcefiles
-- Antlr4 SQLGrammar - Building Common Include-, Source- and Tokenfiles, Visitor Include- and Sourcefiles
-- ANTLR4_SQL_DIR is /home/pratuszniak/pratuszn/daphne/build/antlr4_generated_src/SQLGrammar
-- Configuring done
-- Generating done
-- Build files have been written to: /home/pratuszniak/pratuszn/daphne/build
[1/94] Running cpp protocol buffer compiler on worker.proto
[2/94] Running cpp protocol buffer compiler on data.proto
[3/94] Running grpc protocol buffer compiler on data.proto
[4/94] Running grpc protocol buffer compiler on worker.proto
[5/94] Building DaphneOpsDialect.h.inc...
[6/94] Building DaphneOpsTypes.cpp.inc...
[7/94] Building DaphneOpsTypes.h.inc...
[8/94] Building DaphneOpsEnums.cpp.inc...
[9/94] Building DaphneOpsEnums.h.inc...
[10/94] Building Passes.h.inc...
[11/94] Building DaphneInferShapeOpInterface.cpp.inc...
[12/94] Building DaphneVectorizableOpInterface.cpp.inc...
[13/94] Building DaphneVectorizableOpInterface.h.inc...
[14/94] Building DaphneDistributableOpInterface.cpp.inc...
[15/94] Building DaphneOps.h.inc...
[16/94] Building DaphneInferFrameLabelsOpInterface.h.inc...
[17/94] Building DaphneInferFrameLabelsOpInterface.cpp.inc...
[18/94] Building DaphneDistributableOpInterface.h.inc...
[19/94] Building DaphneInferSparsityOpInterface.cpp.inc...
[20/94] Building DaphneInferShapeOpInterface.h.inc...
[21/94] Building DaphneInferTypesOpInterface.cpp.inc...
[22/94] Building DaphneInferSparsityOpInterface.h.inc...
[23/94] Building DaphneInferTypesOpInterface.h.inc...
[24/94] Building DaphneOps.cpp.inc...
[25/94] Building CXX object src/compiler/lowering/CMakeFiles/obj.MLIRDaphneTransforms.dir/MarkCUDAOpsPass.cpp.o
[26/94] Building CXX object src/runtime/local/io/CMakeFiles/IO.dir/utils.cpp.o
[27/94] Linking CXX static library src/runtime/local/io/libIO.a
[28/94] Building CXX object src/runtime/local/datastructures/CMakeFiles/DataStructures.dir/ValueTypeUtils.cpp.o
[29/94] Building CXX object src/runtime/local/datastructures/CMakeFiles/DataStructures.dir/Frame.cpp.o
[30/94] Generating ../../../antlr4_generated_src/SQLGrammar/SQLGrammar.tokens, ../../../antlr4_generated_src/SQLGrammar/SQLGrammar.interp, ../../../antlr4_generated_src/SQLGrammar/SQLGrammarLexer.h, ../../../antlr4_generated_src/SQLGrammar/SQLGrammarLexer.cpp, ../../../antlr4_generated_src/SQLGrammar/SQLGrammarParser.h, ../../../antlr4_generated_src/SQLGrammar/SQLGrammarParser.cpp, ../../../antlr4_generated_src/SQLGrammar/SQLGrammarBaseVisitor.h, ../../../antlr4_generated_src/SQLGrammar/SQLGrammarBaseVisitor.cpp, ../../../antlr4_generated_src/SQLGrammar/SQLGrammarVisitor.h, ../../../antlr4_generated_src/SQLGrammar/SQLGrammarVisitor.cpp
[31/94] Generating ../../../antlr4_generated_src/DaphneDSLGrammar/DaphneDSLGrammar.tokens, ../../../antlr4_generated_src/DaphneDSLGrammar/DaphneDSLGrammar.interp, ../../../antlr4_generated_src/DaphneDSLGrammar/DaphneDSLGrammarLexer.h, ../../../antlr4_generated_src/DaphneDSLGrammar/DaphneDSLGrammarLexer.cpp, ../../../antlr4_generated_src/DaphneDSLGrammar/DaphneDSLGrammarParser.h, ../../../antlr4_generated_src/DaphneDSLGrammar/DaphneDSLGrammarParser.cpp, ../../../antlr4_generated_src/DaphneDSLGrammar/DaphneDSLGrammarBaseVisitor.h, ../../../antlr4_generated_src/DaphneDSLGrammar/DaphneDSLGrammarBaseVisitor.cpp, ../../../antlr4_generated_src/DaphneDSLGrammar/DaphneDSLGrammarVisitor.h, ../../../antlr4_generated_src/DaphneDSLGrammar/DaphneDSLGrammarVisitor.cpp
[32/94] Building CXX object src/runtime/distributed/proto/CMakeFiles/Proto.dir/worker.pb.cc.o
[33/94] Building CXX object src/runtime/distributed/proto/CMakeFiles/Proto.dir/data.pb.cc.o
[34/94] Building CXX object src/parser/daphnedsl/CMakeFiles/DaphneDSLParser.dir/__/__/__/antlr4_generated_src/DaphneDSLGrammar/DaphneDSLGrammarVisitor.cpp.o
[35/94] Building CXX object src/parser/sql/CMakeFiles/SQLParser.dir/__/__/__/antlr4_generated_src/SQLGrammar/SQLGrammarBaseVisitor.cpp.o
[36/94] Building CXX object src/parser/sql/CMakeFiles/SQLParser.dir/__/__/__/antlr4_generated_src/SQLGrammar/SQLGrammarVisitor.cpp.o
[37/94] Building CXX object src/parser/daphnedsl/CMakeFiles/DaphneDSLParser.dir/__/__/__/antlr4_generated_src/DaphneDSLGrammar/DaphneDSLGrammarBaseVisitor.cpp.o
[38/94] Building CXX object src/runtime/distributed/proto/CMakeFiles/Proto.dir/data.grpc.pb.cc.o
[39/94] Building CXX object src/runtime/distributed/worker/CMakeFiles/ProtoDataConverter.dir/ProtoDataConverter.cpp.o
[40/94] Building CXX object src/parser/sql/CMakeFiles/SQLParser.dir/__/__/__/antlr4_generated_src/SQLGrammar/SQLGrammarLexer.cpp.o
[41/94] Building CXX object src/parser/daphnedsl/CMakeFiles/DaphneDSLParser.dir/__/__/__/antlr4_generated_src/DaphneDSLGrammar/DaphneDSLGrammarLexer.cpp.o
[42/94] Building CXX object src/runtime/local/datastructures/CMakeFiles/DataStructures.dir/DenseMatrix.cpp.o
[43/94] Linking CXX static library src/runtime/local/datastructures/libDataStructures.a
[44/94] Building CXX object src/compiler/lowering/CMakeFiles/obj.MLIRDaphneTransforms.dir/WhileLoopInvariantCodeMotionPass.cpp.o
[45/94] Building CXX object src/compiler/explanation/CMakeFiles/obj.MLIRDaphneExplain.dir/PrintIRPass.cpp.o
[46/94] Linking CXX static library lib/libMLIRDaphneExplain.a
[47/94] Building CXX object src/runtime/distributed/proto/CMakeFiles/Proto.dir/worker.grpc.pb.cc.o
[48/94] Building CXX object src/parser/sql/CMakeFiles/SQLParser.dir/__/__/__/antlr4_generated_src/SQLGrammar/SQLGrammarParser.cpp.o
[49/94] Linking CXX static library src/runtime/distributed/proto/libProto.a
[50/94] Linking CXX static library src/runtime/distributed/worker/libProtoDataConverter.a
[51/94] Generating kernels.cpp
[52/94] Building CXX object src/ir/daphneir/CMakeFiles/obj.MLIRDaphne.dir/DaphneInferFrameLabelsOpInterface.cpp.o
[53/94] Building CXX object src/compiler/lowering/CMakeFiles/obj.MLIRDaphneTransforms.dir/InsertDaphneContextPass.cpp.o
[54/94] Building CXX object src/compiler/lowering/CMakeFiles/obj.MLIRDaphneTransforms.dir/MarkFPGAOPENCLOpsPass.cpp.o
[55/94] Building CXX object src/ir/daphneir/CMakeFiles/obj.MLIRDaphne.dir/DaphneInferTypesOpInterface.cpp.o
[56/94] Building CXX object src/compiler/inference/CMakeFiles/obj.MLIRDaphneInference.dir/SelectMatrixRepresentationsPass.cpp.o
[57/94] Building CXX object src/ir/daphneir/CMakeFiles/obj.MLIRDaphne.dir/DaphneInferSparsityOpInterface.cpp.o
[58/94] Building CXX object src/parser/config/CMakeFiles/DaphneConfigParser.dir/ConfigParser.cpp.o
[59/94] Linking CXX static library src/parser/config/libDaphneConfigParser.a
[60/94] Building CXX object src/parser/metadata/CMakeFiles/DaphneMetaDataParser.dir/MetaDataParser.cpp.o
[61/94] Building CXX object src/parser/daphnedsl/CMakeFiles/DaphneDSLParser.dir/__/__/__/antlr4_generated_src/DaphneDSLGrammar/DaphneDSLGrammarParser.cpp.o
[62/94] Linking CXX static library src/parser/metadata/libDaphneMetaDataParser.a
[63/94] Building CXX object src/compiler/inference/CMakeFiles/obj.MLIRDaphneInference.dir/InferencePass.cpp.o
[64/94] Building CXX object src/ir/daphneir/CMakeFiles/obj.MLIRDaphne.dir/DaphneInferShapeOpInterface.cpp.o
[65/94] Building CXX object src/runtime/local/kernels/CMakeFiles/AllKernels.dir/Pooling.cpp.o
[66/94] Building CXX object src/ir/daphneir/CMakeFiles/obj.MLIRDaphne.dir/DaphneVectorizableOpInterface.cpp.o
[67/94] Building CXX object src/parser/sql/CMakeFiles/SQLParser.dir/SQLParser.cpp.o
[68/94] Building CXX object src/ir/daphneir/CMakeFiles/obj.MLIRDaphne.dir/DaphneDistributableOpInterface.cpp.o
[69/94] Building CXX object src/parser/daphnedsl/CMakeFiles/DaphneDSLParser.dir/DaphneDSLParser.cpp.o
[70/94] Building CXX object src/compiler/lowering/CMakeFiles/obj.MLIRDaphneTransforms.dir/ManageObjRefsPass.cpp.o
[71/94] Building CXX object src/compiler/lowering/CMakeFiles/obj.MLIRDaphneTransforms.dir/VectorizeComputationsPass.cpp.o
[72/94] Building CXX object src/compiler/lowering/CMakeFiles/obj.MLIRDaphneTransforms.dir/DistributeComputationsPass.cpp.o
[73/94] Building CXX object src/compiler/lowering/CMakeFiles/obj.MLIRDaphneTransforms.dir/RewriteSqlOpPass.cpp.o
[74/94] Building CXX object src/compiler/lowering/CMakeFiles/obj.MLIRDaphneTransforms.dir/RewriteToCallKernelOpPass.cpp.o
[75/94] Building CXX object src/compiler/lowering/CMakeFiles/obj.MLIRDaphneTransforms.dir/SpecializeGenericFunctionsPass.cpp.o
[76/94] Building CXX object src/runtime/local/kernels/CMakeFiles/AllKernels.dir/__/vectorized/MTWrapper_dense.cpp.o
[77/94] Building CXX object src/runtime/local/kernels/CMakeFiles/AllKernels.dir/__/vectorized/MTWrapper_sparse.cpp.o
[78/94] Building CXX object src/parser/daphnedsl/CMakeFiles/DaphneDSLParser.dir/DaphneDSLBuiltins.cpp.o
[79/94] Building CXX object src/runtime/local/kernels/CMakeFiles/AllKernels.dir/__/vectorized/Tasks.cpp.o
[80/94] Building CXX object src/api/cli/CMakeFiles/daphne.dir/daphne.cpp.o
[81/94] Building CXX object src/compiler/lowering/CMakeFiles/obj.MLIRDaphneTransforms.dir/LowerToLLVMPass.cpp.o
[82/94] Building CXX object src/parser/sql/CMakeFiles/SQLParser.dir/SQLVisitor.cpp.o
[83/94] Linking CXX static library src/parser/sql/libSQLParser.a
[84/94] Linking CXX static library lib/libMLIRDaphneTransforms.a
[85/94] Building CXX object src/parser/daphnedsl/CMakeFiles/DaphneDSLParser.dir/DaphneDSLVisitor.cpp.o
[86/94] Linking CXX static library src/parser/daphnedsl/libDaphneDSLParser.a
[87/94] Building CXX object src/compiler/execution/CMakeFiles/DaphneIrExecutor.dir/DaphneIrExecutor.cpp.o
[88/94] Building CXX object src/runtime/local/kernels/CMakeFiles/AllKernels.dir/kernels.cpp.o
[89/94] Linking CXX shared library src/runtime/local/kernels/libAllKernels.so
[90/94] Building CXX object src/ir/daphneir/CMakeFiles/obj.MLIRDaphne.dir/DaphneDialect.cpp.o
[91/94] Linking CXX static library lib/libMLIRDaphne.a
[92/94] Linking CXX static library lib/libMLIRDaphneInference.a
[93/94] Linking CXX static library lib/libDaphneIrExecutor.a
[94/94] Linking CXX executable bin/daphne
[DAPHNE]..Successfully built Daphne://daphne (took 41s 318ms 923us 509ns)............................[01.06.22 09:53:13]
